<?xml version="1.0" encoding="UTF-8"?>
<!-- Generated by org.testng.reporters.JUnitXMLReporter -->
<testsuite ignored="4" hostname="DESKTOP-HQVGHRO" failures="3" tests="3" name="Test" time="31.074" errors="0" timestamp="2023-11-23T03:12:11 PST">
  <testcase classname="com.HangarMantra_TestScript_BASSCLASS.Admin_EditDashboard_to_AllRestaurants_Intigration_Test" name="admin_Add_Edit_Menu" time="8.953">
    <failure type="java.lang.AssertionError" message="expected [New Restaurant Added Successfully.] but found [×
New Restaurant Added Successfully.]">
      <![CDATA[java.lang.AssertionError: expected [New Restaurant Added Successfully.] but found [×
New Restaurant Added Successfully.]
at PageObjectRepo.Admin_Add_Restaurant_Page.checkConfirmMessage(Admin_Add_Restaurant_Page.java:91)
at com.HangarMantra_TestScript_BASSCLASS.Admin_EditDashboard_to_AllRestaurants_Intigration_Test.admin_Add_Edit_Menu(Admin_EditDashboard_to_AllRestaurants_Intigration_Test.java:49)
at java.base/java.util.ArrayList.forEach(ArrayList.java:1511)
at java.base/java.util.concurrent.FutureTask.run(FutureTask.java:264)
at java.base/java.util.concurrent.ThreadPoolExecutor.runWorker(ThreadPoolExecutor.java:1136)
at java.base/java.util.concurrent.ThreadPoolExecutor$Worker.run(ThreadPoolExecutor.java:635)
at java.base/java.lang.Thread.run(Thread.java:840)
... Removed 24 stack frames]]>
    </failure>
  </testcase> <!-- admin_Add_Edit_Menu -->
  <testcase classname="com.HangarMantra_TestScript_BASSCLASS.Menu_To_Dashboard_Test" name="menuToDashBoard" time="6.406">
    <failure type="java.lang.AssertionError" message="expected [New Dish Added Successfully.] but found [×
New Dish Added Successfully.]">
      <![CDATA[java.lang.AssertionError: expected [New Dish Added Successfully.] but found [×
New Dish Added Successfully.]
at PageObjectRepo.Admin_Add_Menu_Page.checkConfirm(Admin_Add_Menu_Page.java:96)
at com.HangarMantra_TestScript_BASSCLASS.Menu_To_Dashboard_Test.menuToDashBoard(Menu_To_Dashboard_Test.java:43)
at java.base/java.util.ArrayList.forEach(ArrayList.java:1511)
at java.base/java.util.concurrent.FutureTask.run(FutureTask.java:264)
at java.base/java.util.concurrent.ThreadPoolExecutor.runWorker(ThreadPoolExecutor.java:1136)
at java.base/java.util.concurrent.ThreadPoolExecutor$Worker.run(ThreadPoolExecutor.java:635)
at java.base/java.lang.Thread.run(Thread.java:840)
... Removed 24 stack frames]]>
    </failure>
  </testcase> <!-- menuToDashBoard -->
  <testcase classname="com.HangarMantra_TestScript_BASSCLASS.Admin_EditMenu" name="admin_EditMenu" time="3.564">
    <failure type="java.lang.AssertionError" message="expected [New Dish Added Successfully] but found [×
New Dish Added Successfully.]">
      <![CDATA[java.lang.AssertionError: expected [New Dish Added Successfully] but found [×
New Dish Added Successfully.]
at PageObjectRepo.Admin_Add_Menu_Page.checkConfirm(Admin_Add_Menu_Page.java:96)
at com.HangarMantra_TestScript_BASSCLASS.Admin_EditMenu.admin_EditMenu(Admin_EditMenu.java:31)
at java.base/java.util.ArrayList.forEach(ArrayList.java:1511)
at java.base/java.util.concurrent.FutureTask.run(FutureTask.java:264)
at java.base/java.util.concurrent.ThreadPoolExecutor.runWorker(ThreadPoolExecutor.java:1136)
at java.base/java.util.concurrent.ThreadPoolExecutor$Worker.run(ThreadPoolExecutor.java:635)
at java.base/java.lang.Thread.run(Thread.java:840)
... Removed 24 stack frames]]>
    </failure>
  </testcase> <!-- admin_EditMenu -->
  <testcase classname="com.GenricUtilities.Admin_Bass_Class" name="@BeforeSuite confif_BS" time="0.0">
    <ignored/>
  </testcase> <!-- @BeforeSuite confif_BS -->
  <testcase classname="com.GenricUtilities.Admin_Bass_Class" name="@BeforeSuite confif_BS" time="0.0">
    <ignored/>
  </testcase> <!-- @BeforeSuite confif_BS -->
  <testcase classname="com.GenricUtilities.Admin_Bass_Class" name="@AfterSuite config_AS" time="0.0">
    <ignored/>
  </testcase> <!-- @AfterSuite config_AS -->
  <testcase classname="com.GenricUtilities.Admin_Bass_Class" name="@AfterSuite config_AS" time="0.0">
    <ignored/>
  </testcase> <!-- @AfterSuite config_AS -->
</testsuite> <!-- Test -->
