<?xml version="1.0" encoding="UTF-8"?>
<!-- Generated by org.testng.reporters.JUnitXMLReporter -->
<testsuite ignored="4" hostname="DESKTOP-HQVGHRO" failures="0" tests="3" name="Test" time="44.9" errors="0" timestamp="2023-11-30T15:35:11 IST">
  <testcase classname="com.HangarMantra_TestScript_BASSCLASS.Admin_EditDashboard_to_AllRestaurants_Intigration_Test" name="admin_Add_Edit_Menu" time="12.937"/>
  <testcase classname="com.HangarMantra_TestScript_BASSCLASS.Menu_To_Dashboard_Test" name="menuToDashBoard" time="7.36"/>
  <testcase classname="com.HangarMantra_TestScript_BASSCLASS.Admin_EditMenu" name="admin_EditMenu" time="12.367"/>
  <testcase classname="com.GenricUtilities.Admin_Bass_Class" name="@BeforeSuite confif_BS" time="0.0">
    <ignored/>
  </testcase> <!-- @BeforeSuite confif_BS -->
  <testcase classname="com.GenricUtilities.Admin_Bass_Class" name="@BeforeSuite confif_BS" time="0.0">
    <ignored/>
  </testcase> <!-- @BeforeSuite confif_BS -->
  <testcase classname="com.GenricUtilities.Admin_Bass_Class" name="@AfterSuite config_AS" time="0.0">
    <ignored/>
  </testcase> <!-- @AfterSuite config_AS -->
  <testcase classname="com.GenricUtilities.Admin_Bass_Class" name="@AfterSuite config_AS" time="0.0">
    <ignored/>
  </testcase> <!-- @AfterSuite config_AS -->
</testsuite> <!-- Test -->
