<?xml version="1.0" encoding="UTF-8"?>
<testng-results ignored="4" total="7" passed="3" failed="0" skipped="0">
  <reporter-output>
  </reporter-output>
  <suite started-at="2023-11-30T15:34:26 IST" name="Suite" finished-at="2023-11-30T15:35:11 IST" duration-ms="44900">
    <groups>
    </groups>
    <test started-at="2023-11-30T15:34:26 IST" name="Test" finished-at="2023-11-30T15:35:11 IST" duration-ms="44900">
      <class name="com.HangarMantra_TestScript_BASSCLASS.Menu_To_Dashboard_Test">
        <test-method is-config="true" signature="config_BC()[pri:0, instance:com.HangarMantra_TestScript_BASSCLASS.Menu_To_Dashboard_Test@3646a422]" started-at="2023-11-30T15:34:45 IST" name="config_BC" finished-at="2023-11-30T15:34:46 IST" duration-ms="1698" status="PASS">
          <reporter-output>
          </reporter-output>
        </test-method> <!-- config_BC -->
        <test-method is-config="true" signature="config_BM()[pri:0, instance:com.HangarMantra_TestScript_BASSCLASS.Menu_To_Dashboard_Test@3646a422]" started-at="2023-11-30T15:34:46 IST" name="config_BM" finished-at="2023-11-30T15:34:47 IST" duration-ms="584" status="PASS">
          <reporter-output>
          </reporter-output>
        </test-method> <!-- config_BM -->
        <test-method signature="menuToDashBoard()[pri:0, instance:com.HangarMantra_TestScript_BASSCLASS.Menu_To_Dashboard_Test@3646a422]" started-at="2023-11-30T15:34:47 IST" name="menuToDashBoard" finished-at="2023-11-30T15:34:54 IST" duration-ms="7360" status="PASS">
          <reporter-output>
          </reporter-output>
        </test-method> <!-- menuToDashBoard -->
        <test-method is-config="true" signature="config_AM()[pri:0, instance:com.HangarMantra_TestScript_BASSCLASS.Menu_To_Dashboard_Test@3646a422]" started-at="2023-11-30T15:34:54 IST" name="config_AM" finished-at="2023-11-30T15:34:55 IST" duration-ms="650" status="PASS">
          <reporter-output>
          </reporter-output>
        </test-method> <!-- config_AM -->
        <test-method is-config="true" signature="config_AC()[pri:0, instance:com.HangarMantra_TestScript_BASSCLASS.Menu_To_Dashboard_Test@3646a422]" started-at="2023-11-30T15:34:55 IST" name="config_AC" finished-at="2023-11-30T15:34:55 IST" duration-ms="244" status="PASS">
          <reporter-output>
          </reporter-output>
        </test-method> <!-- config_AC -->
      </class> <!-- com.HangarMantra_TestScript_BASSCLASS.Menu_To_Dashboard_Test -->
      <class name="com.HangarMantra_TestScript_BASSCLASS.Admin_EditDashboard_to_AllRestaurants_Intigration_Test">
        <test-method is-config="true" signature="confif_BS()[pri:0, instance:com.HangarMantra_TestScript_BASSCLASS.Admin_EditDashboard_to_AllRestaurants_Intigration_Test@55a147cc]" started-at="2023-11-30T15:34:26 IST" name="confif_BS" finished-at="2023-11-30T15:34:26 IST" duration-ms="400" status="PASS">
          <reporter-output>
          </reporter-output>
        </test-method> <!-- confif_BS -->
        <test-method is-config="true" signature="config_BC()[pri:0, instance:com.HangarMantra_TestScript_BASSCLASS.Admin_EditDashboard_to_AllRestaurants_Intigration_Test@55a147cc]" started-at="2023-11-30T15:34:26 IST" name="config_BC" finished-at="2023-11-30T15:34:30 IST" duration-ms="3643" status="PASS">
          <reporter-output>
          </reporter-output>
        </test-method> <!-- config_BC -->
        <test-method is-config="true" signature="config_BM()[pri:0, instance:com.HangarMantra_TestScript_BASSCLASS.Admin_EditDashboard_to_AllRestaurants_Intigration_Test@55a147cc]" started-at="2023-11-30T15:34:30 IST" name="config_BM" finished-at="2023-11-30T15:34:31 IST" duration-ms="642" status="PASS">
          <reporter-output>
          </reporter-output>
        </test-method> <!-- config_BM -->
        <test-method signature="admin_Add_Edit_Menu()[pri:0, instance:com.HangarMantra_TestScript_BASSCLASS.Admin_EditDashboard_to_AllRestaurants_Intigration_Test@55a147cc]" started-at="2023-11-30T15:34:31 IST" name="admin_Add_Edit_Menu" finished-at="2023-11-30T15:34:44 IST" duration-ms="12937" status="PASS">
          <reporter-output>
          </reporter-output>
        </test-method> <!-- admin_Add_Edit_Menu -->
        <test-method is-config="true" signature="config_AM()[pri:0, instance:com.HangarMantra_TestScript_BASSCLASS.Admin_EditDashboard_to_AllRestaurants_Intigration_Test@55a147cc]" started-at="2023-11-30T15:34:44 IST" name="config_AM" finished-at="2023-11-30T15:34:44 IST" duration-ms="779" status="PASS">
          <reporter-output>
          </reporter-output>
        </test-method> <!-- config_AM -->
        <test-method is-config="true" signature="config_AC()[pri:0, instance:com.HangarMantra_TestScript_BASSCLASS.Admin_EditDashboard_to_AllRestaurants_Intigration_Test@55a147cc]" started-at="2023-11-30T15:34:44 IST" name="config_AC" finished-at="2023-11-30T15:34:45 IST" duration-ms="362" status="PASS">
          <reporter-output>
          </reporter-output>
        </test-method> <!-- config_AC -->
        <test-method is-config="true" signature="config_AS()[pri:0, instance:com.HangarMantra_TestScript_BASSCLASS.Admin_EditDashboard_to_AllRestaurants_Intigration_Test@55a147cc]" started-at="2023-11-30T15:35:11 IST" name="config_AS" finished-at="2023-11-30T15:35:11 IST" duration-ms="8" status="PASS">
          <reporter-output>
          </reporter-output>
        </test-method> <!-- config_AS -->
      </class> <!-- com.HangarMantra_TestScript_BASSCLASS.Admin_EditDashboard_to_AllRestaurants_Intigration_Test -->
      <class name="com.HangarMantra_TestScript_BASSCLASS.Admin_EditMenu">
        <test-method is-config="true" signature="config_BC()[pri:0, instance:com.HangarMantra_TestScript_BASSCLASS.Admin_EditMenu@750e2b97]" started-at="2023-11-30T15:34:55 IST" name="config_BC" finished-at="2023-11-30T15:34:57 IST" duration-ms="1668" status="PASS">
          <reporter-output>
          </reporter-output>
        </test-method> <!-- config_BC -->
        <test-method is-config="true" signature="config_BM()[pri:0, instance:com.HangarMantra_TestScript_BASSCLASS.Admin_EditMenu@750e2b97]" started-at="2023-11-30T15:34:57 IST" name="config_BM" finished-at="2023-11-30T15:34:58 IST" duration-ms="585" status="PASS">
          <reporter-output>
          </reporter-output>
        </test-method> <!-- config_BM -->
        <test-method signature="admin_EditMenu()[pri:0, instance:com.HangarMantra_TestScript_BASSCLASS.Admin_EditMenu@750e2b97]" started-at="2023-11-30T15:34:58 IST" name="admin_EditMenu" finished-at="2023-11-30T15:35:10 IST" duration-ms="12367" status="PASS">
          <reporter-output>
          </reporter-output>
        </test-method> <!-- admin_EditMenu -->
        <test-method is-config="true" signature="config_AM()[pri:0, instance:com.HangarMantra_TestScript_BASSCLASS.Admin_EditMenu@750e2b97]" started-at="2023-11-30T15:35:10 IST" name="config_AM" finished-at="2023-11-30T15:35:11 IST" duration-ms="852" status="PASS">
          <reporter-output>
          </reporter-output>
        </test-method> <!-- config_AM -->
        <test-method is-config="true" signature="config_AC()[pri:0, instance:com.HangarMantra_TestScript_BASSCLASS.Admin_EditMenu@750e2b97]" started-at="2023-11-30T15:35:11 IST" name="config_AC" finished-at="2023-11-30T15:35:11 IST" duration-ms="449" status="PASS">
          <reporter-output>
          </reporter-output>
        </test-method> <!-- config_AC -->
      </class> <!-- com.HangarMantra_TestScript_BASSCLASS.Admin_EditMenu -->
    </test> <!-- Test -->
  </suite> <!-- Suite -->
</testng-results>
