<?xml version="1.0" encoding="UTF-8"?>
<testng-results ignored="4" total="7" passed="0" failed="3" skipped="0">
  <reporter-output>
    <line>
      <![CDATA[admin_Add_Edit_Menu---------------->Execution Starts Here----]]>
    </line>
    <line>
      <![CDATA[admin_Add_Edit_Menu-----------TestScript is FAIL]]>
    </line>
    <line>
      <![CDATA[menuToDashBoard---------------->Execution Starts Here----]]>
    </line>
    <line>
      <![CDATA[menuToDashBoard-----------TestScript is FAIL]]>
    </line>
    <line>
      <![CDATA[admin_EditMenu---------------->Execution Starts Here----]]>
    </line>
    <line>
      <![CDATA[admin_EditMenu-----------TestScript is FAIL]]>
    </line>
  </reporter-output>
  <suite started-at="2023-11-23T03:11:40 PST" name="Suite" finished-at="2023-11-23T03:12:11 PST" duration-ms="31074">
    <groups>
    </groups>
    <test started-at="2023-11-23T03:11:40 PST" name="Test" finished-at="2023-11-23T03:12:11 PST" duration-ms="31074">
      <class name="com.HangarMantra_TestScript_BASSCLASS.Menu_To_Dashboard_Test">
        <test-method is-config="true" signature="config_BC()[pri:0, instance:com.HangarMantra_TestScript_BASSCLASS.Menu_To_Dashboard_Test@750e2b97]" started-at="2023-11-23T03:11:55 PST" name="config_BC" finished-at="2023-11-23T03:11:57 PST" duration-ms="1555" status="PASS">
          <reporter-output>
          </reporter-output>
        </test-method> <!-- config_BC -->
        <test-method is-config="true" signature="config_BM()[pri:0, instance:com.HangarMantra_TestScript_BASSCLASS.Menu_To_Dashboard_Test@750e2b97]" started-at="2023-11-23T03:11:57 PST" name="config_BM" finished-at="2023-11-23T03:11:57 PST" duration-ms="623" status="PASS">
          <reporter-output>
          </reporter-output>
        </test-method> <!-- config_BM -->
        <test-method signature="menuToDashBoard()[pri:0, instance:com.HangarMantra_TestScript_BASSCLASS.Menu_To_Dashboard_Test@750e2b97]" started-at="2023-11-23T03:11:57 PST" name="menuToDashBoard" finished-at="2023-11-23T03:12:04 PST" duration-ms="6406" status="FAIL">
          <exception class="java.lang.AssertionError">
            <message>
              <![CDATA[expected [New Dish Added Successfully.] but found [×
New Dish Added Successfully.]]]>
            </message>
            <full-stacktrace>
              <![CDATA[java.lang.AssertionError: expected [New Dish Added Successfully.] but found [×
New Dish Added Successfully.]
at org.testng.Assert.fail(Assert.java:99)
at org.testng.Assert.failNotEquals(Assert.java:1037)
at org.testng.Assert.assertEqualsImpl(Assert.java:140)
at org.testng.Assert.assertEquals(Assert.java:122)
at org.testng.Assert.assertEquals(Assert.java:629)
at org.testng.Assert.assertEquals(Assert.java:639)
at PageObjectRepo.Admin_Add_Menu_Page.checkConfirm(Admin_Add_Menu_Page.java:96)
at com.HangarMantra_TestScript_BASSCLASS.Menu_To_Dashboard_Test.menuToDashBoard(Menu_To_Dashboard_Test.java:43)
at java.base/jdk.internal.reflect.NativeMethodAccessorImpl.invoke0(Native Method)
at java.base/jdk.internal.reflect.NativeMethodAccessorImpl.invoke(NativeMethodAccessorImpl.java:77)
at java.base/jdk.internal.reflect.DelegatingMethodAccessorImpl.invoke(DelegatingMethodAccessorImpl.java:43)
at java.base/java.lang.reflect.Method.invoke(Method.java:568)
at org.testng.internal.MethodInvocationHelper.invokeMethod(MethodInvocationHelper.java:133)
at org.testng.internal.TestInvoker.invokeMethod(TestInvoker.java:598)
at org.testng.internal.TestInvoker.invokeTestMethod(TestInvoker.java:173)
at org.testng.internal.MethodRunner.runInSequence(MethodRunner.java:46)
at org.testng.internal.TestInvoker$MethodInvocationAgent.invoke(TestInvoker.java:824)
at org.testng.internal.TestInvoker.invokeTestMethods(TestInvoker.java:146)
at org.testng.internal.TestMethodWorker.invokeTestMethods(TestMethodWorker.java:146)
at org.testng.internal.TestMethodWorker.run(TestMethodWorker.java:128)
at java.base/java.util.ArrayList.forEach(ArrayList.java:1511)
at org.testng.TestRunner.privateRun(TestRunner.java:794)
at org.testng.TestRunner.run(TestRunner.java:596)
at org.testng.SuiteRunner.runTest(SuiteRunner.java:377)
at org.testng.SuiteRunner.access$000(SuiteRunner.java:28)
at org.testng.SuiteRunner$SuiteWorker.run(SuiteRunner.java:418)
at org.testng.internal.thread.ThreadUtil.lambda$execute$0(ThreadUtil.java:64)
at java.base/java.util.concurrent.FutureTask.run(FutureTask.java:264)
at java.base/java.util.concurrent.ThreadPoolExecutor.runWorker(ThreadPoolExecutor.java:1136)
at java.base/java.util.concurrent.ThreadPoolExecutor$Worker.run(ThreadPoolExecutor.java:635)
at java.base/java.lang.Thread.run(Thread.java:840)
]]>
            </full-stacktrace>
          </exception> <!-- java.lang.AssertionError -->
          <reporter-output>
            <line>
              <![CDATA[menuToDashBoard---------------->Execution Starts Here----]]>
            </line>
            <line>
              <![CDATA[menuToDashBoard-----------TestScript is FAIL]]>
            </line>
          </reporter-output>
        </test-method> <!-- menuToDashBoard -->
        <test-method is-config="true" signature="config_AM()[pri:0, instance:com.HangarMantra_TestScript_BASSCLASS.Menu_To_Dashboard_Test@750e2b97]" started-at="2023-11-23T03:12:04 PST" name="config_AM" finished-at="2023-11-23T03:12:04 PST" duration-ms="299" status="PASS">
          <reporter-output>
          </reporter-output>
        </test-method> <!-- config_AM -->
        <test-method is-config="true" signature="config_AC()[pri:0, instance:com.HangarMantra_TestScript_BASSCLASS.Menu_To_Dashboard_Test@750e2b97]" started-at="2023-11-23T03:12:04 PST" name="config_AC" finished-at="2023-11-23T03:12:04 PST" duration-ms="263" status="PASS">
          <reporter-output>
          </reporter-output>
        </test-method> <!-- config_AC -->
      </class> <!-- com.HangarMantra_TestScript_BASSCLASS.Menu_To_Dashboard_Test -->
      <class name="com.HangarMantra_TestScript_BASSCLASS.Admin_EditDashboard_to_AllRestaurants_Intigration_Test">
        <test-method is-config="true" signature="confif_BS()[pri:0, instance:com.HangarMantra_TestScript_BASSCLASS.Admin_EditDashboard_to_AllRestaurants_Intigration_Test@71ba6d4e]" started-at="2023-11-23T03:11:40 PST" name="confif_BS" finished-at="2023-11-23T03:11:40 PST" duration-ms="430" status="PASS">
          <reporter-output>
          </reporter-output>
        </test-method> <!-- confif_BS -->
        <test-method is-config="true" signature="config_BC()[pri:0, instance:com.HangarMantra_TestScript_BASSCLASS.Admin_EditDashboard_to_AllRestaurants_Intigration_Test@71ba6d4e]" started-at="2023-11-23T03:11:41 PST" name="config_BC" finished-at="2023-11-23T03:11:44 PST" duration-ms="3524" status="PASS">
          <reporter-output>
          </reporter-output>
        </test-method> <!-- config_BC -->
        <test-method is-config="true" signature="config_BM()[pri:0, instance:com.HangarMantra_TestScript_BASSCLASS.Admin_EditDashboard_to_AllRestaurants_Intigration_Test@71ba6d4e]" started-at="2023-11-23T03:11:44 PST" name="config_BM" finished-at="2023-11-23T03:11:45 PST" duration-ms="804" status="PASS">
          <reporter-output>
          </reporter-output>
        </test-method> <!-- config_BM -->
        <test-method signature="admin_Add_Edit_Menu()[pri:0, instance:com.HangarMantra_TestScript_BASSCLASS.Admin_EditDashboard_to_AllRestaurants_Intigration_Test@71ba6d4e]" started-at="2023-11-23T03:11:45 PST" name="admin_Add_Edit_Menu" finished-at="2023-11-23T03:11:54 PST" duration-ms="8953" status="FAIL">
          <exception class="java.lang.AssertionError">
            <message>
              <![CDATA[expected [New Restaurant Added Successfully.] but found [×
New Restaurant Added Successfully.]]]>
            </message>
            <full-stacktrace>
              <![CDATA[java.lang.AssertionError: expected [New Restaurant Added Successfully.] but found [×
New Restaurant Added Successfully.]
at org.testng.Assert.fail(Assert.java:99)
at org.testng.Assert.failNotEquals(Assert.java:1037)
at org.testng.Assert.assertEqualsImpl(Assert.java:140)
at org.testng.Assert.assertEquals(Assert.java:122)
at org.testng.Assert.assertEquals(Assert.java:629)
at org.testng.Assert.assertEquals(Assert.java:639)
at PageObjectRepo.Admin_Add_Restaurant_Page.checkConfirmMessage(Admin_Add_Restaurant_Page.java:91)
at com.HangarMantra_TestScript_BASSCLASS.Admin_EditDashboard_to_AllRestaurants_Intigration_Test.admin_Add_Edit_Menu(Admin_EditDashboard_to_AllRestaurants_Intigration_Test.java:49)
at java.base/jdk.internal.reflect.NativeMethodAccessorImpl.invoke0(Native Method)
at java.base/jdk.internal.reflect.NativeMethodAccessorImpl.invoke(NativeMethodAccessorImpl.java:77)
at java.base/jdk.internal.reflect.DelegatingMethodAccessorImpl.invoke(DelegatingMethodAccessorImpl.java:43)
at java.base/java.lang.reflect.Method.invoke(Method.java:568)
at org.testng.internal.MethodInvocationHelper.invokeMethod(MethodInvocationHelper.java:133)
at org.testng.internal.TestInvoker.invokeMethod(TestInvoker.java:598)
at org.testng.internal.TestInvoker.invokeTestMethod(TestInvoker.java:173)
at org.testng.internal.MethodRunner.runInSequence(MethodRunner.java:46)
at org.testng.internal.TestInvoker$MethodInvocationAgent.invoke(TestInvoker.java:824)
at org.testng.internal.TestInvoker.invokeTestMethods(TestInvoker.java:146)
at org.testng.internal.TestMethodWorker.invokeTestMethods(TestMethodWorker.java:146)
at org.testng.internal.TestMethodWorker.run(TestMethodWorker.java:128)
at java.base/java.util.ArrayList.forEach(ArrayList.java:1511)
at org.testng.TestRunner.privateRun(TestRunner.java:794)
at org.testng.TestRunner.run(TestRunner.java:596)
at org.testng.SuiteRunner.runTest(SuiteRunner.java:377)
at org.testng.SuiteRunner.access$000(SuiteRunner.java:28)
at org.testng.SuiteRunner$SuiteWorker.run(SuiteRunner.java:418)
at org.testng.internal.thread.ThreadUtil.lambda$execute$0(ThreadUtil.java:64)
at java.base/java.util.concurrent.FutureTask.run(FutureTask.java:264)
at java.base/java.util.concurrent.ThreadPoolExecutor.runWorker(ThreadPoolExecutor.java:1136)
at java.base/java.util.concurrent.ThreadPoolExecutor$Worker.run(ThreadPoolExecutor.java:635)
at java.base/java.lang.Thread.run(Thread.java:840)
]]>
            </full-stacktrace>
          </exception> <!-- java.lang.AssertionError -->
          <reporter-output>
            <line>
              <![CDATA[admin_Add_Edit_Menu---------------->Execution Starts Here----]]>
            </line>
            <line>
              <![CDATA[admin_Add_Edit_Menu-----------TestScript is FAIL]]>
            </line>
          </reporter-output>
        </test-method> <!-- admin_Add_Edit_Menu -->
        <test-method is-config="true" signature="config_AM()[pri:0, instance:com.HangarMantra_TestScript_BASSCLASS.Admin_EditDashboard_to_AllRestaurants_Intigration_Test@71ba6d4e]" started-at="2023-11-23T03:11:54 PST" name="config_AM" finished-at="2023-11-23T03:11:55 PST" duration-ms="341" status="PASS">
          <reporter-output>
          </reporter-output>
        </test-method> <!-- config_AM -->
        <test-method is-config="true" signature="config_AC()[pri:0, instance:com.HangarMantra_TestScript_BASSCLASS.Admin_EditDashboard_to_AllRestaurants_Intigration_Test@71ba6d4e]" started-at="2023-11-23T03:11:55 PST" name="config_AC" finished-at="2023-11-23T03:11:55 PST" duration-ms="267" status="PASS">
          <reporter-output>
          </reporter-output>
        </test-method> <!-- config_AC -->
        <test-method is-config="true" signature="config_AS()[pri:0, instance:com.HangarMantra_TestScript_BASSCLASS.Admin_EditDashboard_to_AllRestaurants_Intigration_Test@71ba6d4e]" started-at="2023-11-23T03:12:12 PST" name="config_AS" finished-at="2023-11-23T03:12:12 PST" duration-ms="10" status="PASS">
          <reporter-output>
          </reporter-output>
        </test-method> <!-- config_AS -->
      </class> <!-- com.HangarMantra_TestScript_BASSCLASS.Admin_EditDashboard_to_AllRestaurants_Intigration_Test -->
      <class name="com.HangarMantra_TestScript_BASSCLASS.Admin_EditMenu">
        <test-method is-config="true" signature="config_BC()[pri:0, instance:com.HangarMantra_TestScript_BASSCLASS.Admin_EditMenu@3e27aa33]" started-at="2023-11-23T03:12:04 PST" name="config_BC" finished-at="2023-11-23T03:12:06 PST" duration-ms="1829" status="PASS">
          <reporter-output>
          </reporter-output>
        </test-method> <!-- config_BC -->
        <test-method is-config="true" signature="config_BM()[pri:0, instance:com.HangarMantra_TestScript_BASSCLASS.Admin_EditMenu@3e27aa33]" started-at="2023-11-23T03:12:06 PST" name="config_BM" finished-at="2023-11-23T03:12:07 PST" duration-ms="573" status="PASS">
          <reporter-output>
          </reporter-output>
        </test-method> <!-- config_BM -->
        <test-method signature="admin_EditMenu()[pri:0, instance:com.HangarMantra_TestScript_BASSCLASS.Admin_EditMenu@3e27aa33]" started-at="2023-11-23T03:12:07 PST" name="admin_EditMenu" finished-at="2023-11-23T03:12:10 PST" duration-ms="3564" status="FAIL">
          <exception class="java.lang.AssertionError">
            <message>
              <![CDATA[expected [New Dish Added Successfully] but found [×
New Dish Added Successfully.]]]>
            </message>
            <full-stacktrace>
              <![CDATA[java.lang.AssertionError: expected [New Dish Added Successfully] but found [×
New Dish Added Successfully.]
at org.testng.Assert.fail(Assert.java:99)
at org.testng.Assert.failNotEquals(Assert.java:1037)
at org.testng.Assert.assertEqualsImpl(Assert.java:140)
at org.testng.Assert.assertEquals(Assert.java:122)
at org.testng.Assert.assertEquals(Assert.java:629)
at org.testng.Assert.assertEquals(Assert.java:639)
at PageObjectRepo.Admin_Add_Menu_Page.checkConfirm(Admin_Add_Menu_Page.java:96)
at com.HangarMantra_TestScript_BASSCLASS.Admin_EditMenu.admin_EditMenu(Admin_EditMenu.java:31)
at java.base/jdk.internal.reflect.NativeMethodAccessorImpl.invoke0(Native Method)
at java.base/jdk.internal.reflect.NativeMethodAccessorImpl.invoke(NativeMethodAccessorImpl.java:77)
at java.base/jdk.internal.reflect.DelegatingMethodAccessorImpl.invoke(DelegatingMethodAccessorImpl.java:43)
at java.base/java.lang.reflect.Method.invoke(Method.java:568)
at org.testng.internal.MethodInvocationHelper.invokeMethod(MethodInvocationHelper.java:133)
at org.testng.internal.TestInvoker.invokeMethod(TestInvoker.java:598)
at org.testng.internal.TestInvoker.invokeTestMethod(TestInvoker.java:173)
at org.testng.internal.MethodRunner.runInSequence(MethodRunner.java:46)
at org.testng.internal.TestInvoker$MethodInvocationAgent.invoke(TestInvoker.java:824)
at org.testng.internal.TestInvoker.invokeTestMethods(TestInvoker.java:146)
at org.testng.internal.TestMethodWorker.invokeTestMethods(TestMethodWorker.java:146)
at org.testng.internal.TestMethodWorker.run(TestMethodWorker.java:128)
at java.base/java.util.ArrayList.forEach(ArrayList.java:1511)
at org.testng.TestRunner.privateRun(TestRunner.java:794)
at org.testng.TestRunner.run(TestRunner.java:596)
at org.testng.SuiteRunner.runTest(SuiteRunner.java:377)
at org.testng.SuiteRunner.access$000(SuiteRunner.java:28)
at org.testng.SuiteRunner$SuiteWorker.run(SuiteRunner.java:418)
at org.testng.internal.thread.ThreadUtil.lambda$execute$0(ThreadUtil.java:64)
at java.base/java.util.concurrent.FutureTask.run(FutureTask.java:264)
at java.base/java.util.concurrent.ThreadPoolExecutor.runWorker(ThreadPoolExecutor.java:1136)
at java.base/java.util.concurrent.ThreadPoolExecutor$Worker.run(ThreadPoolExecutor.java:635)
at java.base/java.lang.Thread.run(Thread.java:840)
]]>
            </full-stacktrace>
          </exception> <!-- java.lang.AssertionError -->
          <reporter-output>
            <line>
              <![CDATA[admin_EditMenu---------------->Execution Starts Here----]]>
            </line>
            <line>
              <![CDATA[admin_EditMenu-----------TestScript is FAIL]]>
            </line>
          </reporter-output>
        </test-method> <!-- admin_EditMenu -->
        <test-method is-config="true" signature="config_AM()[pri:0, instance:com.HangarMantra_TestScript_BASSCLASS.Admin_EditMenu@3e27aa33]" started-at="2023-11-23T03:12:11 PST" name="config_AM" finished-at="2023-11-23T03:12:11 PST" duration-ms="346" status="PASS">
          <reporter-output>
          </reporter-output>
        </test-method> <!-- config_AM -->
        <test-method is-config="true" signature="config_AC()[pri:0, instance:com.HangarMantra_TestScript_BASSCLASS.Admin_EditMenu@3e27aa33]" started-at="2023-11-23T03:12:11 PST" name="config_AC" finished-at="2023-11-23T03:12:11 PST" duration-ms="269" status="PASS">
          <reporter-output>
          </reporter-output>
        </test-method> <!-- config_AC -->
      </class> <!-- com.HangarMantra_TestScript_BASSCLASS.Admin_EditMenu -->
    </test> <!-- Test -->
  </suite> <!-- Suite -->
</testng-results>
